Using pre-set license
Built from '2021.3/staging' branch; Version is '2021.3.4f1 (cb45f9cae8b7) revision 13321721'; Using compiler version '192829333'; Build Type 'Release'
OS: 'Windows 11  (10.0.22000) 64bit Professional' Language: 'ru' Physical Memory: 16237 MB
BatchMode: 1, IsHumanControllingUs: 0, StartBugReporterOnCrash: 0, Is64bit: 1, IsPro: 1

COMMAND LINE ARGUMENTS:
G:\UnityEditors\2021.3.4f1\Editor\Unity.exe
-adb2
-batchMode
-noUpm
-name
AssetImportWorker8
-projectPath
H:/Учёба/Проекты/FirstLesson/FirstLesson/FirstLesson
-logFile
Logs/AssetImportWorker8.log
-srvPort
60232
Successfully changed project path to: H:/Учёба/Проекты/FirstLesson/FirstLesson/FirstLesson
H:/Учёба/Проекты/FirstLesson/FirstLesson/FirstLesson
[UnityMemory] Configuration Parameters - Can be set up in boot.config
    "memorysetup-bucket-allocator-granularity=16"
    "memorysetup-bucket-allocator-bucket-count=8"
    "memorysetup-bucket-allocator-block-size=33554432"
    "memorysetup-bucket-allocator-block-count=8"
    "memorysetup-main-allocator-block-size=16777216"
    "memorysetup-thread-allocator-block-size=16777216"
    "memorysetup-gfx-main-allocator-block-size=16777216"
    "memorysetup-gfx-thread-allocator-block-size=16777216"
    "memorysetup-cache-allocator-block-size=4194304"
    "memorysetup-typetree-allocator-block-size=2097152"
    "memorysetup-profiler-bucket-allocator-granularity=16"
    "memorysetup-profiler-bucket-allocator-bucket-count=8"
    "memorysetup-profiler-bucket-allocator-block-size=33554432"
    "memorysetup-profiler-bucket-allocator-block-count=8"
    "memorysetup-profiler-allocator-block-size=16777216"
    "memorysetup-profiler-editor-allocator-block-size=1048576"
    "memorysetup-temp-allocator-size-main=16777216"
    "memorysetup-job-temp-allocator-block-size=2097152"
    "memorysetup-job-temp-allocator-block-size-background=1048576"
    "memorysetup-job-temp-allocator-reduction-small-platforms=262144"
    "memorysetup-temp-allocator-size-background-worker=32768"
    "memorysetup-temp-allocator-size-job-worker=262144"
    "memorysetup-temp-allocator-size-preload-manager=33554432"
    "memorysetup-temp-allocator-size-nav-mesh-worker=65536"
    "memorysetup-temp-allocator-size-audio-worker=65536"
    "memorysetup-temp-allocator-size-cloud-worker=32768"
    "memorysetup-temp-allocator-size-gi-baking-worker=262144"
    "memorysetup-temp-allocator-size-gfx=262144"
Refreshing native plugins compatible for Editor in 150.01 ms, found 3 plugins.
Preloading 0 native plugins for Editor in 0.00 ms.
Initialize engine version: 2021.3.4f1 (cb45f9cae8b7)
[Subsystems] Discovering subsystems at path G:/UnityEditors/2021.3.4f1/Editor/Data/Resources/UnitySubsystems
[Subsystems] Discovering subsystems at path H:/Учёба/Проекты/FirstLesson/FirstLesson/FirstLesson/Assets
GfxDevice: creating device client; threaded=0; jobified=0
Direct3D:
    Version:  Direct3D 11.0 [level 11.1]
    Renderer: NVIDIA GeForce GTX 960 (ID=0x1401)
    Vendor:   NVIDIA
    VRAM:     2007 MB
    Driver:   31.0.15.1640
Initialize mono
Mono path[0] = 'G:/UnityEditors/2021.3.4f1/Editor/Data/Managed'
Mono path[1] = 'G:/UnityEditors/2021.3.4f1/Editor/Data/MonoBleedingEdge/lib/mono/unityjit-win32'
Mono config path = 'G:/UnityEditors/2021.3.4f1/Editor/Data/MonoBleedingEdge/etc'
Using monoOptions --debugger-agent=transport=dt_socket,embedding=1,server=y,suspend=n,address=127.0.0.1:56220
Begin MonoManager ReloadAssembly
Registering precompiled unity dll's ...
Register platform support module: G:/UnityEditors/2021.3.4f1/Editor/Data/PlaybackEngines/WebGLSupport/UnityEditor.WebGL.Extensions.dll
Register platform support module: G:/UnityEditors/2021.3.4f1/Editor/Data/PlaybackEngines/AndroidPlayer/UnityEditor.Android.Extensions.dll
Register platform support module: G:/UnityEditors/2021.3.4f1/Editor/Data/PlaybackEngines/iOSSupport/UnityEditor.iOS.Extensions.dll
Register platform support module: G:/UnityEditors/2021.3.4f1/Editor/Data/PlaybackEngines/WindowsStandaloneSupport/UnityEditor.WindowsStandalone.Extensions.dll
Register platform support module: G:/UnityEditors/2021.3.4f1/Editor/Data/PlaybackEngines/MetroSupport/UnityEditor.UWP.Extensions.dll
Registered in 0.003083 seconds.
Native extension for UWP target not found
Native extension for WindowsStandalone target not found
[usbmuxd] Start listen thread
[usbmuxd] Listen thread started
Native extension for iOS target not found
Native extension for Android target not found
Native extension for WebGL target not found
Refreshing native plugins compatible for Editor in 146.66 ms, found 3 plugins.
Preloading 0 native plugins for Editor in 0.00 ms.
Mono: successfully reloaded assembly
- Completed reload, in  0.919 seconds
Domain Reload Profiling:
	ReloadAssembly (920ms)
		BeginReloadAssembly (94ms)
			ExecutionOrderSort (0ms)
			DisableScriptedObjects (0ms)
			BackupInstance (0ms)
			ReleaseScriptingObjects (0ms)
			CreateAndSetChildDomain (1ms)
		EndReloadAssembly (678ms)
			LoadAssemblies (93ms)
			RebuildTransferFunctionScriptingTraits (0ms)
			SetupTypeCache (160ms)
			ReleaseScriptCaches (0ms)
			RebuildScriptCaches (36ms)
			SetupLoadedEditorAssemblies (422ms)
				LogAssemblyErrors (0ms)
				InitializePlatformSupportModulesInManaged (89ms)
				SetLoadedEditorAssemblies (2ms)
				RefreshPlugins (147ms)
				BeforeProcessingInitializeOnLoad (2ms)
				ProcessInitializeOnLoadAttributes (125ms)
				ProcessInitializeOnLoadMethodAttributes (58ms)
				AfterProcessingInitializeOnLoad (0ms)
				EditorAssembliesLoaded (0ms)
			ExecutionOrderSort2 (0ms)
			AwakeInstancesAfterBackupRestoration (0ms)
Platform modules already initialized, skipping
Registering precompiled user dll's ...
Registered in 0.004489 seconds.
Begin MonoManager ReloadAssembly
Symbol file LoadedFromMemory doesn't match image H:\Учёба\Проекты\FirstLesson\FirstLesson\FirstLesson\Library\PackageCache\com.unity.visualscripting@1.7.8\Editor\VisualScripting.Core\Dependencies\YamlDotNet\Unity.VisualScripting.YamlDotNet.dll
Symbol file LoadedFromMemory doesn't match image H:\Учёба\Проекты\FirstLesson\FirstLesson\FirstLesson\Library\PackageCache\com.unity.visualscripting@1.7.8\Editor\VisualScripting.Core\Dependencies\DotNetZip\Unity.VisualScripting.IonicZip.dll
Native extension for UWP target not found
Native extension for WindowsStandalone target not found
Native extension for iOS target not found
Native extension for Android target not found
Native extension for WebGL target not found
Refreshing native plugins compatible for Editor in 0.90 ms, found 3 plugins.
Preloading 0 native plugins for Editor in 0.00 ms.
Mono: successfully reloaded assembly
- Completed reload, in  1.506 seconds
Domain Reload Profiling:
	ReloadAssembly (1507ms)
		BeginReloadAssembly (239ms)
			ExecutionOrderSort (0ms)
			DisableScriptedObjects (9ms)
			BackupInstance (0ms)
			ReleaseScriptingObjects (0ms)
			CreateAndSetChildDomain (131ms)
		EndReloadAssembly (1098ms)
			LoadAssemblies (86ms)
			RebuildTransferFunctionScriptingTraits (0ms)
			SetupTypeCache (340ms)
			ReleaseScriptCaches (1ms)
			RebuildScriptCaches (87ms)
			SetupLoadedEditorAssemblies (523ms)
				LogAssemblyErrors (0ms)
				InitializePlatformSupportModulesInManaged (29ms)
				SetLoadedEditorAssemblies (1ms)
				RefreshPlugins (1ms)
				BeforeProcessingInitializeOnLoad (126ms)
				ProcessInitializeOnLoadAttributes (328ms)
				ProcessInitializeOnLoadMethodAttributes (34ms)
				AfterProcessingInitializeOnLoad (4ms)
				EditorAssembliesLoaded (0ms)
			ExecutionOrderSort2 (0ms)
			AwakeInstancesAfterBackupRestoration (7ms)
Platform modules already initialized, skipping
========================================================================
Worker process is ready to serve import requests
Launched and connected shader compiler UnityShaderCompiler.exe after 0.06 seconds
Refreshing native plugins compatible for Editor in 1.49 ms, found 3 plugins.
Preloading 0 native plugins for Editor in 0.00 ms.
Unloading 3369 Unused Serialized files (Serialized files now loaded: 0)
Unloading 27 unused Assets / (111.0 KB). Loaded Objects now: 3828.
Memory consumption went from 118.7 MB to 118.5 MB.
Total: 3.838800 ms (FindLiveObjects: 0.360000 ms CreateObjectMapping: 0.194000 ms MarkObjects: 3.168600 ms  DeleteObjects: 0.115100 ms)

AssetImportParameters requested are different than current active one (requested -> active):
  custom:video-decoder-ogg-theora: a1e56fd34408186e4bbccfd4996cb3dc -> 
  custom:container-muxer-webm: aa71ff27fc2769a1b78a27578f13a17b -> 
  custom:container-demuxer-webm: 4f35f7cbe854078d1ac9338744f61a02 -> 
  custom:video-encoder-webm-vp8: eb34c28f22e8b96e1ab97ce403110664 -> 
  custom:audio-encoder-webm-vorbis: bf7c407c2cedff20999df2af8eb42d56 -> 
  custom:framework-win-MediaFoundation: 216162199b28c13a410421893ffa2e32 -> 
  custom:container-demuxer-ogg: 62fdf1f143b41e24485cea50d1cbac27 -> 
  custom:video-decoder-webm-vp8: 9c59270c3fd7afecdb556c50c9e8de78 -> 
  custom:audio-decoder-ogg-vorbis: bf7c407c2cedff20999df2af8eb42d56 -> 
========================================================================
Received Import Request.
  Time since last request: 918941.213194 seconds.
  path: Assets/Unvik_3D/Cross_Plains/Prefabs/CrossPlains_Diorama.prefab
  artifactKey: Guid(07b69e264410fe54c8640fb346c86ece) Importer(815301076,1909f56bfc062723c751e8b465ee728b)
Start importing Assets/Unvik_3D/Cross_Plains/Prefabs/CrossPlains_Diorama.prefab using Guid(07b69e264410fe54c8640fb346c86ece) Importer(815301076,1909f56bfc062723c751e8b465ee728b)  -> (artifact id: '5528d3b9035b5948c3877838b56f0faa') in 0.199398 seconds 
========================================================================
Received Import Request.
  Time since last request: 0.000031 seconds.
  path: Assets/Unvik_3D/Cross_Plains/Prefabs/CrossPlains_Plant_04.prefab
  artifactKey: Guid(ecb535e3c20b47148b695b0341d7016a) Importer(815301076,1909f56bfc062723c751e8b465ee728b)
Start importing Assets/Unvik_3D/Cross_Plains/Prefabs/CrossPlains_Plant_04.prefab using Guid(ecb535e3c20b47148b695b0341d7016a) Importer(815301076,1909f56bfc062723c751e8b465ee728b)  -> (artifact id: '5dda6e87513140046c66bf67c27d8657') in 0.017188 seconds 
========================================================================
Received Import Request.
  Time since last request: 0.000040 seconds.
  path: Assets/Unvik_3D/Cross_Plains/Prefabs/CrossPlains_Plant_02.prefab
  artifactKey: Guid(81d8924183cb4bb4b898ab75aeecb8ad) Importer(815301076,1909f56bfc062723c751e8b465ee728b)
Start importing Assets/Unvik_3D/Cross_Plains/Prefabs/CrossPlains_Plant_02.prefab using Guid(81d8924183cb4bb4b898ab75aeecb8ad) Importer(815301076,1909f56bfc062723c751e8b465ee728b)  -> (artifact id: 'c66ecb477639ddcc6aafc960644d853f') in 0.014924 seconds 
========================================================================
Received Import Request.
  Time since last request: 459.729646 seconds.
  path: Assets/low poly pack/Materials/Mat.1.mat
  artifactKey: Guid(73eef6b367d964e4795855edeb3c486e) Importer(815301076,1909f56bfc062723c751e8b465ee728b)
Start importing Assets/low poly pack/Materials/Mat.1.mat using Guid(73eef6b367d964e4795855edeb3c486e) Importer(815301076,1909f56bfc062723c751e8b465ee728b)  -> (artifact id: '8164af787c3dc795a390f432d483caf4') in 0.045212 seconds 
========================================================================
Received Import Request.
  Time since last request: 0.000028 seconds.
  path: Assets/low poly pack/Materials/Terrazzo.mat
  artifactKey: Guid(3083fb4eab6ef354e9b02d2adbd0ac6a) Importer(815301076,1909f56bfc062723c751e8b465ee728b)
Start importing Assets/low poly pack/Materials/Terrazzo.mat using Guid(3083fb4eab6ef354e9b02d2adbd0ac6a) Importer(815301076,1909f56bfc062723c751e8b465ee728b)  -> (artifact id: '63baa947c05fb41ac45883a063839f55') in 0.021764 seconds 
========================================================================
Received Import Request.
  Time since last request: 321.924511 seconds.
  path: Assets/low poly pack/Odject/Construction19.prefab
  artifactKey: Guid(a70a2beaacdacf94c945f74eb30d7a66) Importer(815301076,1909f56bfc062723c751e8b465ee728b)
Start importing Assets/low poly pack/Odject/Construction19.prefab using Guid(a70a2beaacdacf94c945f74eb30d7a66) Importer(815301076,1909f56bfc062723c751e8b465ee728b)  -> (artifact id: '1a86aa6ea96b335bbdaed6a688d5f582') in 0.029046 seconds 
========================================================================
Received Import Request.
  Time since last request: 0.000034 seconds.
  path: Assets/low poly pack/Odject/Construction22.prefab
  artifactKey: Guid(ae852a698a0ad4043ba64aa7f6c9bce6) Importer(815301076,1909f56bfc062723c751e8b465ee728b)
Start importing Assets/low poly pack/Odject/Construction22.prefab using Guid(ae852a698a0ad4043ba64aa7f6c9bce6) Importer(815301076,1909f56bfc062723c751e8b465ee728b)  -> (artifact id: 'f1141ec1309c3c93be0364ed12b000ae') in 0.016953 seconds 
========================================================================
Received Import Request.
  Time since last request: 0.000023 seconds.
  path: Assets/low poly pack/Odject/Construction25.prefab
  artifactKey: Guid(e9c5bbcb6f83eba4ba78d514ffa5de8b) Importer(815301076,1909f56bfc062723c751e8b465ee728b)
Start importing Assets/low poly pack/Odject/Construction25.prefab using Guid(e9c5bbcb6f83eba4ba78d514ffa5de8b) Importer(815301076,1909f56bfc062723c751e8b465ee728b)  -> (artifact id: '70204130b0ed1c69d39790ab595c5166') in 0.024303 seconds 
