Using pre-set license
Built from '2021.3/staging' branch; Version is '2021.3.4f1 (cb45f9cae8b7) revision 13321721'; Using compiler version '192829333'; Build Type 'Release'
OS: 'Windows 11  (10.0.22000) 64bit Professional' Language: 'ru' Physical Memory: 16237 MB
BatchMode: 1, IsHumanControllingUs: 0, StartBugReporterOnCrash: 0, Is64bit: 1, IsPro: 1

COMMAND LINE ARGUMENTS:
G:\UnityEditors\2021.3.4f1\Editor\Unity.exe
-adb2
-batchMode
-noUpm
-name
AssetImportWorker7
-projectPath
H:/Учёба/Проекты/FirstLesson/FirstLesson/FirstLesson
-logFile
Logs/AssetImportWorker7.log
-srvPort
60232
Successfully changed project path to: H:/Учёба/Проекты/FirstLesson/FirstLesson/FirstLesson
H:/Учёба/Проекты/FirstLesson/FirstLesson/FirstLesson
[UnityMemory] Configuration Parameters - Can be set up in boot.config
    "memorysetup-bucket-allocator-granularity=16"
    "memorysetup-bucket-allocator-bucket-count=8"
    "memorysetup-bucket-allocator-block-size=33554432"
    "memorysetup-bucket-allocator-block-count=8"
    "memorysetup-main-allocator-block-size=16777216"
    "memorysetup-thread-allocator-block-size=16777216"
    "memorysetup-gfx-main-allocator-block-size=16777216"
    "memorysetup-gfx-thread-allocator-block-size=16777216"
    "memorysetup-cache-allocator-block-size=4194304"
    "memorysetup-typetree-allocator-block-size=2097152"
    "memorysetup-profiler-bucket-allocator-granularity=16"
    "memorysetup-profiler-bucket-allocator-bucket-count=8"
    "memorysetup-profiler-bucket-allocator-block-size=33554432"
    "memorysetup-profiler-bucket-allocator-block-count=8"
    "memorysetup-profiler-allocator-block-size=16777216"
    "memorysetup-profiler-editor-allocator-block-size=1048576"
    "memorysetup-temp-allocator-size-main=16777216"
    "memorysetup-job-temp-allocator-block-size=2097152"
    "memorysetup-job-temp-allocator-block-size-background=1048576"
    "memorysetup-job-temp-allocator-reduction-small-platforms=262144"
    "memorysetup-temp-allocator-size-background-worker=32768"
    "memorysetup-temp-allocator-size-job-worker=262144"
    "memorysetup-temp-allocator-size-preload-manager=33554432"
    "memorysetup-temp-allocator-size-nav-mesh-worker=65536"
    "memorysetup-temp-allocator-size-audio-worker=65536"
    "memorysetup-temp-allocator-size-cloud-worker=32768"
    "memorysetup-temp-allocator-size-gi-baking-worker=262144"
    "memorysetup-temp-allocator-size-gfx=262144"
Refreshing native plugins compatible for Editor in 156.67 ms, found 3 plugins.
Preloading 0 native plugins for Editor in 0.00 ms.
Initialize engine version: 2021.3.4f1 (cb45f9cae8b7)
[Subsystems] Discovering subsystems at path G:/UnityEditors/2021.3.4f1/Editor/Data/Resources/UnitySubsystems
[Subsystems] Discovering subsystems at path H:/Учёба/Проекты/FirstLesson/FirstLesson/FirstLesson/Assets
GfxDevice: creating device client; threaded=0; jobified=0
Direct3D:
    Version:  Direct3D 11.0 [level 11.1]
    Renderer: NVIDIA GeForce GTX 960 (ID=0x1401)
    Vendor:   NVIDIA
    VRAM:     2007 MB
    Driver:   31.0.15.1640
Initialize mono
Mono path[0] = 'G:/UnityEditors/2021.3.4f1/Editor/Data/Managed'
Mono path[1] = 'G:/UnityEditors/2021.3.4f1/Editor/Data/MonoBleedingEdge/lib/mono/unityjit-win32'
Mono config path = 'G:/UnityEditors/2021.3.4f1/Editor/Data/MonoBleedingEdge/etc'
Using monoOptions --debugger-agent=transport=dt_socket,embedding=1,server=y,suspend=n,address=127.0.0.1:56192
Begin MonoManager ReloadAssembly
Registering precompiled unity dll's ...
Register platform support module: G:/UnityEditors/2021.3.4f1/Editor/Data/PlaybackEngines/WebGLSupport/UnityEditor.WebGL.Extensions.dll
Register platform support module: G:/UnityEditors/2021.3.4f1/Editor/Data/PlaybackEngines/AndroidPlayer/UnityEditor.Android.Extensions.dll
Register platform support module: G:/UnityEditors/2021.3.4f1/Editor/Data/PlaybackEngines/iOSSupport/UnityEditor.iOS.Extensions.dll
Register platform support module: G:/UnityEditors/2021.3.4f1/Editor/Data/PlaybackEngines/WindowsStandaloneSupport/UnityEditor.WindowsStandalone.Extensions.dll
Register platform support module: G:/UnityEditors/2021.3.4f1/Editor/Data/PlaybackEngines/MetroSupport/UnityEditor.UWP.Extensions.dll
Registered in 0.003118 seconds.
Native extension for UWP target not found
Native extension for WindowsStandalone target not found
[usbmuxd] Start listen thread
[usbmuxd] Listen thread started
Native extension for iOS target not found
Native extension for Android target not found
Native extension for WebGL target not found
Refreshing native plugins compatible for Editor in 141.12 ms, found 3 plugins.
Preloading 0 native plugins for Editor in 0.00 ms.
Mono: successfully reloaded assembly
- Completed reload, in  0.871 seconds
Domain Reload Profiling:
	ReloadAssembly (871ms)
		BeginReloadAssembly (92ms)
			ExecutionOrderSort (0ms)
			DisableScriptedObjects (0ms)
			BackupInstance (0ms)
			ReleaseScriptingObjects (0ms)
			CreateAndSetChildDomain (1ms)
		EndReloadAssembly (655ms)
			LoadAssemblies (91ms)
			RebuildTransferFunctionScriptingTraits (0ms)
			SetupTypeCache (144ms)
			ReleaseScriptCaches (0ms)
			RebuildScriptCaches (36ms)
			SetupLoadedEditorAssemblies (415ms)
				LogAssemblyErrors (0ms)
				InitializePlatformSupportModulesInManaged (78ms)
				SetLoadedEditorAssemblies (0ms)
				RefreshPlugins (141ms)
				BeforeProcessingInitializeOnLoad (2ms)
				ProcessInitializeOnLoadAttributes (134ms)
				ProcessInitializeOnLoadMethodAttributes (59ms)
				AfterProcessingInitializeOnLoad (0ms)
				EditorAssembliesLoaded (0ms)
			ExecutionOrderSort2 (0ms)
			AwakeInstancesAfterBackupRestoration (0ms)
Platform modules already initialized, skipping
Registering precompiled user dll's ...
Registered in 0.004195 seconds.
Begin MonoManager ReloadAssembly
Symbol file LoadedFromMemory doesn't match image H:\Учёба\Проекты\FirstLesson\FirstLesson\FirstLesson\Library\PackageCache\com.unity.visualscripting@1.7.8\Editor\VisualScripting.Core\Dependencies\YamlDotNet\Unity.VisualScripting.YamlDotNet.dll
Symbol file LoadedFromMemory doesn't match image H:\Учёба\Проекты\FirstLesson\FirstLesson\FirstLesson\Library\PackageCache\com.unity.visualscripting@1.7.8\Editor\VisualScripting.Core\Dependencies\DotNetZip\Unity.VisualScripting.IonicZip.dll
Native extension for UWP target not found
Native extension for WindowsStandalone target not found
Native extension for iOS target not found
Native extension for Android target not found
Native extension for WebGL target not found
Refreshing native plugins compatible for Editor in 0.98 ms, found 3 plugins.
Preloading 0 native plugins for Editor in 0.00 ms.
Mono: successfully reloaded assembly
- Completed reload, in  1.583 seconds
Domain Reload Profiling:
	ReloadAssembly (1584ms)
		BeginReloadAssembly (274ms)
			ExecutionOrderSort (0ms)
			DisableScriptedObjects (9ms)
			BackupInstance (0ms)
			ReleaseScriptingObjects (0ms)
			CreateAndSetChildDomain (146ms)
		EndReloadAssembly (1148ms)
			LoadAssemblies (103ms)
			RebuildTransferFunctionScriptingTraits (0ms)
			SetupTypeCache (380ms)
			ReleaseScriptCaches (1ms)
			RebuildScriptCaches (68ms)
			SetupLoadedEditorAssemblies (546ms)
				LogAssemblyErrors (0ms)
				InitializePlatformSupportModulesInManaged (29ms)
				SetLoadedEditorAssemblies (1ms)
				RefreshPlugins (1ms)
				BeforeProcessingInitializeOnLoad (127ms)
				ProcessInitializeOnLoadAttributes (349ms)
				ProcessInitializeOnLoadMethodAttributes (36ms)
				AfterProcessingInitializeOnLoad (2ms)
				EditorAssembliesLoaded (0ms)
			ExecutionOrderSort2 (0ms)
			AwakeInstancesAfterBackupRestoration (10ms)
Platform modules already initialized, skipping
========================================================================
Worker process is ready to serve import requests
Launched and connected shader compiler UnityShaderCompiler.exe after 0.05 seconds
Refreshing native plugins compatible for Editor in 1.13 ms, found 3 plugins.
Preloading 0 native plugins for Editor in 0.00 ms.
Unloading 3369 Unused Serialized files (Serialized files now loaded: 0)
Unloading 27 unused Assets / (111.0 KB). Loaded Objects now: 3828.
Memory consumption went from 118.7 MB to 118.5 MB.
Total: 3.795500 ms (FindLiveObjects: 0.356800 ms CreateObjectMapping: 0.187500 ms MarkObjects: 3.134800 ms  DeleteObjects: 0.115200 ms)

AssetImportParameters requested are different than current active one (requested -> active):
  custom:video-decoder-ogg-theora: a1e56fd34408186e4bbccfd4996cb3dc -> 
  custom:container-muxer-webm: aa71ff27fc2769a1b78a27578f13a17b -> 
  custom:container-demuxer-webm: 4f35f7cbe854078d1ac9338744f61a02 -> 
  custom:video-encoder-webm-vp8: eb34c28f22e8b96e1ab97ce403110664 -> 
  custom:audio-encoder-webm-vorbis: bf7c407c2cedff20999df2af8eb42d56 -> 
  custom:framework-win-MediaFoundation: 216162199b28c13a410421893ffa2e32 -> 
  custom:container-demuxer-ogg: 62fdf1f143b41e24485cea50d1cbac27 -> 
  custom:video-decoder-webm-vp8: 9c59270c3fd7afecdb556c50c9e8de78 -> 
  custom:audio-decoder-ogg-vorbis: bf7c407c2cedff20999df2af8eb42d56 -> 
========================================================================
Received Import Request.
  Time since last request: 918936.275518 seconds.
  path: Assets/Unvik_3D/Woodland/FBX/bridge_medium_0_1.fbx
  artifactKey: Guid(6a3b3c74a7cec714780ef9fe879682fe) Importer(815301076,1909f56bfc062723c751e8b465ee728b)
Start importing Assets/Unvik_3D/Woodland/FBX/bridge_medium_0_1.fbx using Guid(6a3b3c74a7cec714780ef9fe879682fe) Importer(815301076,1909f56bfc062723c751e8b465ee728b)  -> (artifact id: '51f1d338691d3ad65a0ae6581aaa61d9') in 0.218926 seconds 
========================================================================
Received Import Request.
  Time since last request: 0.000033 seconds.
  path: Assets/Unvik_3D/Woodland/FBX/Prop2_Rocks_Small_0_1.fbx
  artifactKey: Guid(e877cb330d88ff248b2e578f5c392f08) Importer(815301076,1909f56bfc062723c751e8b465ee728b)
Start importing Assets/Unvik_3D/Woodland/FBX/Prop2_Rocks_Small_0_1.fbx using Guid(e877cb330d88ff248b2e578f5c392f08) Importer(815301076,1909f56bfc062723c751e8b465ee728b)  -> (artifact id: 'fd713b9f6a36783c2d5b1109feb410bc') in 0.024133 seconds 
========================================================================
Received Import Request.
  Time since last request: 0.000040 seconds.
  path: Assets/Unvik_3D/Woodland/FBX/Porton_Rocks_Medium_0_1.fbx
  artifactKey: Guid(2fac9ae253879294b99cca24cd683aaa) Importer(815301076,1909f56bfc062723c751e8b465ee728b)
Start importing Assets/Unvik_3D/Woodland/FBX/Porton_Rocks_Medium_0_1.fbx using Guid(2fac9ae253879294b99cca24cd683aaa) Importer(815301076,1909f56bfc062723c751e8b465ee728b)  -> (artifact id: '26d366b2fa8b783f0215548226be7b7c') in 0.041583 seconds 
========================================================================
Received Import Request.
  Time since last request: 0.000022 seconds.
  path: Assets/Unvik_3D/Woodland/FBX/Tree_01_Medium.fbx
  artifactKey: Guid(2abd242f0f66382418181548a28768d3) Importer(815301076,1909f56bfc062723c751e8b465ee728b)
Start importing Assets/Unvik_3D/Woodland/FBX/Tree_01_Medium.fbx using Guid(2abd242f0f66382418181548a28768d3) Importer(815301076,1909f56bfc062723c751e8b465ee728b)  -> (artifact id: '29f7ec6289a9d8d51a5ec7b64f8936ec') in 0.042087 seconds 
========================================================================
Received Import Request.
  Time since last request: 0.000027 seconds.
  path: Assets/Unvik_3D/Woodland/FBX/Fence_Small_0_1.fbx
  artifactKey: Guid(1261d33f589878b4589e9e9379373995) Importer(815301076,1909f56bfc062723c751e8b465ee728b)
Start importing Assets/Unvik_3D/Woodland/FBX/Fence_Small_0_1.fbx using Guid(1261d33f589878b4589e9e9379373995) Importer(815301076,1909f56bfc062723c751e8b465ee728b)  -> (artifact id: '46f3b0547fd2805369c14f56dd12606f') in 0.025966 seconds 
========================================================================
Received Import Request.
  Time since last request: 0.000025 seconds.
  path: Assets/Unvik_3D/Woodland/FBX/Tree_04_Medium.fbx
  artifactKey: Guid(0496dd10407a1c541bbd8aa785239980) Importer(815301076,1909f56bfc062723c751e8b465ee728b)
Start importing Assets/Unvik_3D/Woodland/FBX/Tree_04_Medium.fbx using Guid(0496dd10407a1c541bbd8aa785239980) Importer(815301076,1909f56bfc062723c751e8b465ee728b)  -> (artifact id: '6fbe1c1ff0604145b5bc1557e9b860a6') in 0.022008 seconds 
========================================================================
Received Import Request.
  Time since last request: 0.000025 seconds.
  path: Assets/Unvik_3D/Woodland/FBX/Root2_Tree_Small_0_1.fbx
  artifactKey: Guid(cc720de5472c36746a8dca3991cd24bf) Importer(815301076,1909f56bfc062723c751e8b465ee728b)
Start importing Assets/Unvik_3D/Woodland/FBX/Root2_Tree_Small_0_1.fbx using Guid(cc720de5472c36746a8dca3991cd24bf) Importer(815301076,1909f56bfc062723c751e8b465ee728b)  -> (artifact id: 'cf41338cf530d737bf94f167f7c2d563') in 0.024011 seconds 
========================================================================
Received Import Request.
  Time since last request: 0.000024 seconds.
  path: Assets/Unvik_3D/Woodland/FBX/Bridge_Part_Small_0_1.fbx
  artifactKey: Guid(5dd7bc3a8ef6e114fad31b3d26493f67) Importer(815301076,1909f56bfc062723c751e8b465ee728b)
Start importing Assets/Unvik_3D/Woodland/FBX/Bridge_Part_Small_0_1.fbx using Guid(5dd7bc3a8ef6e114fad31b3d26493f67) Importer(815301076,1909f56bfc062723c751e8b465ee728b)  -> (artifact id: 'cefd7b17233c66bf36fcdc8dd91e8d37') in 0.042016 seconds 
========================================================================
Received Import Request.
  Time since last request: 0.000026 seconds.
  path: Assets/Unvik_3D/Woodland/FBX/Grass_Small_0_1.fbx
  artifactKey: Guid(ef11e26b55cf18b4bb6451dff93e46df) Importer(815301076,1909f56bfc062723c751e8b465ee728b)
Start importing Assets/Unvik_3D/Woodland/FBX/Grass_Small_0_1.fbx using Guid(ef11e26b55cf18b4bb6451dff93e46df) Importer(815301076,1909f56bfc062723c751e8b465ee728b)  -> (artifact id: 'f601185f64a6da96bf6606fa0773cdcb') in 0.023519 seconds 
========================================================================
Received Import Request.
  Time since last request: 0.000040 seconds.
  path: Assets/Unvik_3D/Woodland/FBX/Tree_Big_0_1.fbx
  artifactKey: Guid(422468d160506fd4ebf41d285a3fc17a) Importer(815301076,1909f56bfc062723c751e8b465ee728b)
Start importing Assets/Unvik_3D/Woodland/FBX/Tree_Big_0_1.fbx using Guid(422468d160506fd4ebf41d285a3fc17a) Importer(815301076,1909f56bfc062723c751e8b465ee728b)  -> (artifact id: '4cf09cc227a7dacdbc699507f49e0c4b') in 0.039060 seconds 
========================================================================
Received Import Request.
  Time since last request: 0.000031 seconds.
  path: Assets/Unvik_3D/Woodland/FBX/Tree_05_Medium.fbx
  artifactKey: Guid(8bf22e2df5f17344485deb0f93e6c6b3) Importer(815301076,1909f56bfc062723c751e8b465ee728b)
Start importing Assets/Unvik_3D/Woodland/FBX/Tree_05_Medium.fbx using Guid(8bf22e2df5f17344485deb0f93e6c6b3) Importer(815301076,1909f56bfc062723c751e8b465ee728b)  -> (artifact id: '2fe7918056abe6547f0f900ded5fe476') in 0.027328 seconds 
========================================================================
Received Import Request.
  Time since last request: 0.000034 seconds.
  path: Assets/Unvik_3D/Woodland/FBX/Tree_02_Medium.fbx
  artifactKey: Guid(0eebaa3b47877dd41a8d5ba65a60ed05) Importer(815301076,1909f56bfc062723c751e8b465ee728b)
Start importing Assets/Unvik_3D/Woodland/FBX/Tree_02_Medium.fbx using Guid(0eebaa3b47877dd41a8d5ba65a60ed05) Importer(815301076,1909f56bfc062723c751e8b465ee728b)  -> (artifact id: '510b751df2a1f6d60d99d1aa532707b6') in 0.023800 seconds 
========================================================================
Received Import Request.
  Time since last request: 0.000023 seconds.
  path: Assets/Unvik_3D/Woodland/FBX/Props3_Rocks_Small_0_1.fbx
  artifactKey: Guid(9bc9aab4364216948beb8bfd9b79bb47) Importer(815301076,1909f56bfc062723c751e8b465ee728b)
Start importing Assets/Unvik_3D/Woodland/FBX/Props3_Rocks_Small_0_1.fbx using Guid(9bc9aab4364216948beb8bfd9b79bb47) Importer(815301076,1909f56bfc062723c751e8b465ee728b)  -> (artifact id: 'c11ab716677f54f598d8a384104cd644') in 0.042752 seconds 
========================================================================
Received Import Request.
  Time since last request: 4.238647 seconds.
  path: Assets/Unvik_3D/Cross_Plains/Prefabs/CrossPlains_Floating_Island_04.prefab
  artifactKey: Guid(cea01bb8ab40eab4f8f42bc74e39e9cf) Importer(815301076,1909f56bfc062723c751e8b465ee728b)
Start importing Assets/Unvik_3D/Cross_Plains/Prefabs/CrossPlains_Floating_Island_04.prefab using Guid(cea01bb8ab40eab4f8f42bc74e39e9cf) Importer(815301076,1909f56bfc062723c751e8b465ee728b)  -> (artifact id: '7d82f491111a0669214fa7917cfa57c5') in 0.038901 seconds 
========================================================================
Received Import Request.
  Time since last request: 0.000040 seconds.
  path: Assets/Unvik_3D/Cross_Plains/Prefabs/CrossPlains_Gate_01.prefab
  artifactKey: Guid(a4f5d4b2af55e4e4d8637b2a8848162f) Importer(815301076,1909f56bfc062723c751e8b465ee728b)
Start importing Assets/Unvik_3D/Cross_Plains/Prefabs/CrossPlains_Gate_01.prefab using Guid(a4f5d4b2af55e4e4d8637b2a8848162f) Importer(815301076,1909f56bfc062723c751e8b465ee728b)  -> (artifact id: '01e30116346efd55565313f0be366430') in 0.018034 seconds 
========================================================================
Received Import Request.
  Time since last request: 0.000041 seconds.
  path: Assets/Unvik_3D/Cross_Plains/Prefabs/CrossPlains_Ribs_01.prefab
  artifactKey: Guid(1a118ca687daa09499984337aaff31c4) Importer(815301076,1909f56bfc062723c751e8b465ee728b)
Start importing Assets/Unvik_3D/Cross_Plains/Prefabs/CrossPlains_Ribs_01.prefab using Guid(1a118ca687daa09499984337aaff31c4) Importer(815301076,1909f56bfc062723c751e8b465ee728b)  -> (artifact id: 'af9d05fbad39dd8c77e9346486348678') in 0.015822 seconds 
========================================================================
Received Import Request.
  Time since last request: 0.000025 seconds.
  path: Assets/Unvik_3D/Cross_Plains/Prefabs/CrossPlains_Plant_11.prefab
  artifactKey: Guid(3b70de28b59a8004d900479a1b213ab6) Importer(815301076,1909f56bfc062723c751e8b465ee728b)
Start importing Assets/Unvik_3D/Cross_Plains/Prefabs/CrossPlains_Plant_11.prefab using Guid(3b70de28b59a8004d900479a1b213ab6) Importer(815301076,1909f56bfc062723c751e8b465ee728b)  -> (artifact id: '6b6cdcbdd47ddf148ad01cfd7313cbdf') in 0.015385 seconds 
========================================================================
Received Import Request.
  Time since last request: 0.000031 seconds.
  path: Assets/Unvik_3D/Cross_Plains/Prefabs/CrossPlains_Plant_08.prefab
  artifactKey: Guid(e604cb8188dec9a4dbf291a72b06a639) Importer(815301076,1909f56bfc062723c751e8b465ee728b)
Start importing Assets/Unvik_3D/Cross_Plains/Prefabs/CrossPlains_Plant_08.prefab using Guid(e604cb8188dec9a4dbf291a72b06a639) Importer(815301076,1909f56bfc062723c751e8b465ee728b)  -> (artifact id: '8629e233f4610e29d1afafa923b08d33') in 0.014514 seconds 
========================================================================
Received Import Request.
  Time since last request: 0.000024 seconds.
  path: Assets/Unvik_3D/Cross_Plains/Prefabs/CrossPlains_Rock_04.prefab
  artifactKey: Guid(5f908e007535b2b42989a1adc759f01e) Importer(815301076,1909f56bfc062723c751e8b465ee728b)
Start importing Assets/Unvik_3D/Cross_Plains/Prefabs/CrossPlains_Rock_04.prefab using Guid(5f908e007535b2b42989a1adc759f01e) Importer(815301076,1909f56bfc062723c751e8b465ee728b)  -> (artifact id: '86d4490c39e17c5d74bc473866f17352') in 0.016271 seconds 
========================================================================
Received Import Request.
  Time since last request: 0.000029 seconds.
  path: Assets/Unvik_3D/Cross_Plains/Prefabs/CrossPlains_Monuntain_Desert_03.prefab
  artifactKey: Guid(7f3d239f1052c6e4a8131af5983eeb38) Importer(815301076,1909f56bfc062723c751e8b465ee728b)
Start importing Assets/Unvik_3D/Cross_Plains/Prefabs/CrossPlains_Monuntain_Desert_03.prefab using Guid(7f3d239f1052c6e4a8131af5983eeb38) Importer(815301076,1909f56bfc062723c751e8b465ee728b)  -> (artifact id: 'bcf161c78416460ff43f08cd290f68a2') in 0.017670 seconds 
========================================================================
Received Import Request.
  Time since last request: 0.000035 seconds.
  path: Assets/Unvik_3D/Cross_Plains/Prefabs/CrossPlains_Rock_02.prefab
  artifactKey: Guid(0b2a412efe6f6984c87ea0f626de8e0e) Importer(815301076,1909f56bfc062723c751e8b465ee728b)
Start importing Assets/Unvik_3D/Cross_Plains/Prefabs/CrossPlains_Rock_02.prefab using Guid(0b2a412efe6f6984c87ea0f626de8e0e) Importer(815301076,1909f56bfc062723c751e8b465ee728b)  -> (artifact id: '635ca0b1b4460dda2143fd4bd4b9a1d4') in 0.015767 seconds 
========================================================================
Received Import Request.
  Time since last request: 0.000029 seconds.
  path: Assets/Unvik_3D/Cross_Plains/Prefabs/CrossPlains_Skull_01.prefab
  artifactKey: Guid(e6632668fbb0f7b46a919e92cb22be7d) Importer(815301076,1909f56bfc062723c751e8b465ee728b)
Start importing Assets/Unvik_3D/Cross_Plains/Prefabs/CrossPlains_Skull_01.prefab using Guid(e6632668fbb0f7b46a919e92cb22be7d) Importer(815301076,1909f56bfc062723c751e8b465ee728b)  -> (artifact id: '339036308631aa73e3806c6a357b6c62') in 0.015594 seconds 
Editor requested this worker to shutdown with reason: Scaling down because of idle timeout
AssetImportWorker is now disconnected from the server
Process exiting
Exiting without the bug reporter. Application will terminate with return code 0